[2025-06-06T17:11:44.300+0000] {taskinstance.py:1171} INFO - Dependencies all met for <TaskInstance: P2M3_iriel_aureleo_DAG.data_cleaning manual__2025-06-06T17:10:52.272005+00:00 [queued]>
[2025-06-06T17:11:44.355+0000] {taskinstance.py:1171} INFO - Dependencies all met for <TaskInstance: P2M3_iriel_aureleo_DAG.data_cleaning manual__2025-06-06T17:10:52.272005+00:00 [queued]>
[2025-06-06T17:11:44.357+0000] {taskinstance.py:1368} INFO - 
--------------------------------------------------------------------------------
[2025-06-06T17:11:44.364+0000] {taskinstance.py:1369} INFO - Starting attempt 1 of 1
[2025-06-06T17:11:44.381+0000] {taskinstance.py:1370} INFO - 
--------------------------------------------------------------------------------
[2025-06-06T17:11:44.458+0000] {taskinstance.py:1389} INFO - Executing <Task(_PythonDecoratedOperator): data_cleaning> on 2025-06-06 17:10:52.272005+00:00
[2025-06-06T17:11:44.512+0000] {standard_task_runner.py:52} INFO - Started process 216 to run task
[2025-06-06T17:11:44.520+0000] {standard_task_runner.py:79} INFO - Running: ['***', 'tasks', 'run', 'P2M3_iriel_aureleo_DAG', 'data_cleaning', 'manual__2025-06-06T17:10:52.272005+00:00', '--job-id', '4', '--raw', '--subdir', 'DAGS_FOLDER/P2M3_iriel_aureleo_DAG.py', '--cfg-path', '/tmp/tmpb2sqqj1t', '--error-file', '/tmp/tmp3w088rrc']
[2025-06-06T17:11:44.546+0000] {standard_task_runner.py:80} INFO - Job 4: Subtask data_cleaning
[2025-06-06T17:11:44.914+0000] {task_command.py:371} INFO - Running <TaskInstance: P2M3_iriel_aureleo_DAG.data_cleaning manual__2025-06-06T17:10:52.272005+00:00 [running]> on host 39d263693a13
[2025-06-06T17:11:45.317+0000] {taskinstance.py:1583} INFO - Exporting the following env vars:
AIRFLOW_CTX_DAG_OWNER=Iriel Aureleo
AIRFLOW_CTX_DAG_ID=P2M3_iriel_aureleo_DAG
AIRFLOW_CTX_TASK_ID=data_cleaning
AIRFLOW_CTX_EXECUTION_DATE=2025-06-06T17:10:52.272005+00:00
AIRFLOW_CTX_TRY_NUMBER=1
AIRFLOW_CTX_DAG_RUN_ID=manual__2025-06-06T17:10:52.272005+00:00
[2025-06-06T17:11:45.843+0000] {python.py:173} INFO - Done. Returned value was: None
[2025-06-06T17:11:45.881+0000] {taskinstance.py:1412} INFO - Marking task as SUCCESS. dag_id=P2M3_iriel_aureleo_DAG, task_id=data_cleaning, execution_date=20250606T171052, start_date=20250606T171144, end_date=20250606T171145
[2025-06-06T17:11:45.979+0000] {local_task_job.py:156} INFO - Task exited with return code 0
[2025-06-06T17:11:46.151+0000] {local_task_job.py:279} INFO - 1 downstream tasks scheduled from follow-on schedule check
