[2025-06-08T11:26:37.860+0000] {taskinstance.py:1171} INFO - Dependencies all met for <TaskInstance: P2M3_iriel_aureleo_DAG.extract_from_postgresql manual__2025-06-08T11:26:19.178231+00:00 [queued]>
[2025-06-08T11:26:37.944+0000] {taskinstance.py:1171} INFO - Dependencies all met for <TaskInstance: P2M3_iriel_aureleo_DAG.extract_from_postgresql manual__2025-06-08T11:26:19.178231+00:00 [queued]>
[2025-06-08T11:26:37.959+0000] {taskinstance.py:1368} INFO - 
--------------------------------------------------------------------------------
[2025-06-08T11:26:37.970+0000] {taskinstance.py:1369} INFO - Starting attempt 1 of 1
[2025-06-08T11:26:37.988+0000] {taskinstance.py:1370} INFO - 
--------------------------------------------------------------------------------
[2025-06-08T11:26:38.091+0000] {taskinstance.py:1389} INFO - Executing <Task(_PythonDecoratedOperator): extract_from_postgresql> on 2025-06-08 11:26:19.178231+00:00
[2025-06-08T11:26:38.299+0000] {standard_task_runner.py:52} INFO - Started process 1095 to run task
[2025-06-08T11:26:38.457+0000] {standard_task_runner.py:79} INFO - Running: ['***', 'tasks', 'run', 'P2M3_iriel_aureleo_DAG', 'extract_from_postgresql', 'manual__2025-06-08T11:26:19.178231+00:00', '--job-id', '27', '--raw', '--subdir', 'DAGS_FOLDER/P2M3_iriel_aureleo_DAG.py', '--cfg-path', '/tmp/tmpa7yb5es6', '--error-file', '/tmp/tmp_u5ba97s']
[2025-06-08T11:26:38.483+0000] {standard_task_runner.py:80} INFO - Job 27: Subtask extract_from_postgresql
[2025-06-08T11:26:39.657+0000] {task_command.py:371} INFO - Running <TaskInstance: P2M3_iriel_aureleo_DAG.extract_from_postgresql manual__2025-06-08T11:26:19.178231+00:00 [running]> on host 39d263693a13
[2025-06-08T11:26:40.479+0000] {taskinstance.py:1583} INFO - Exporting the following env vars:
AIRFLOW_CTX_DAG_OWNER=Iriel Aureleo
AIRFLOW_CTX_DAG_ID=P2M3_iriel_aureleo_DAG
AIRFLOW_CTX_TASK_ID=extract_from_postgresql
AIRFLOW_CTX_EXECUTION_DATE=2025-06-08T11:26:19.178231+00:00
AIRFLOW_CTX_TRY_NUMBER=1
AIRFLOW_CTX_DAG_RUN_ID=manual__2025-06-08T11:26:19.178231+00:00
[2025-06-08T11:26:40.861+0000] {python.py:173} INFO - Done. Returned value was: None
[2025-06-08T11:26:40.984+0000] {taskinstance.py:1412} INFO - Marking task as SUCCESS. dag_id=P2M3_iriel_aureleo_DAG, task_id=extract_from_postgresql, execution_date=20250608T112619, start_date=20250608T112637, end_date=20250608T112640
[2025-06-08T11:26:41.124+0000] {local_task_job.py:156} INFO - Task exited with return code 0
[2025-06-08T11:26:41.730+0000] {local_task_job.py:279} INFO - 0 downstream tasks scheduled from follow-on schedule check
