[2025-06-07T09:31:06.610+0000] {taskinstance.py:1171} INFO - Dependencies all met for <TaskInstance: P2M3_iriel_aureleo_DAG.post_to_elasticsearch scheduled__2025-06-07T09:20:00+00:00 [queued]>
[2025-06-07T09:31:06.684+0000] {taskinstance.py:1171} INFO - Dependencies all met for <TaskInstance: P2M3_iriel_aureleo_DAG.post_to_elasticsearch scheduled__2025-06-07T09:20:00+00:00 [queued]>
[2025-06-07T09:31:06.685+0000] {taskinstance.py:1368} INFO - 
--------------------------------------------------------------------------------
[2025-06-07T09:31:06.687+0000] {taskinstance.py:1369} INFO - Starting attempt 1 of 1
[2025-06-07T09:31:06.688+0000] {taskinstance.py:1370} INFO - 
--------------------------------------------------------------------------------
[2025-06-07T09:31:06.784+0000] {taskinstance.py:1389} INFO - Executing <Task(_PythonDecoratedOperator): post_to_elasticsearch> on 2025-06-07 09:20:00+00:00
[2025-06-07T09:31:06.842+0000] {standard_task_runner.py:79} INFO - Running: ['***', 'tasks', 'run', 'P2M3_iriel_aureleo_DAG', 'post_to_elasticsearch', 'scheduled__2025-06-07T09:20:00+00:00', '--job-id', '25', '--raw', '--subdir', 'DAGS_FOLDER/P2M3_iriel_aureleo_DAG.py', '--cfg-path', '/tmp/tmpd00t5ow1', '--error-file', '/tmp/tmp5a42ly6v']
[2025-06-07T09:31:06.840+0000] {standard_task_runner.py:52} INFO - Started process 7762 to run task
[2025-06-07T09:31:06.850+0000] {standard_task_runner.py:80} INFO - Job 25: Subtask post_to_elasticsearch
[2025-06-07T09:31:07.344+0000] {task_command.py:371} INFO - Running <TaskInstance: P2M3_iriel_aureleo_DAG.post_to_elasticsearch scheduled__2025-06-07T09:20:00+00:00 [running]> on host 39d263693a13
[2025-06-07T09:31:07.730+0000] {taskinstance.py:1583} INFO - Exporting the following env vars:
AIRFLOW_CTX_DAG_OWNER=Iriel Aureleo
AIRFLOW_CTX_DAG_ID=P2M3_iriel_aureleo_DAG
AIRFLOW_CTX_TASK_ID=post_to_elasticsearch
AIRFLOW_CTX_EXECUTION_DATE=2025-06-07T09:20:00+00:00
AIRFLOW_CTX_TRY_NUMBER=1
AIRFLOW_CTX_DAG_RUN_ID=scheduled__2025-06-07T09:20:00+00:00
[2025-06-07T09:31:17.653+0000] {base.py:271} INFO - HEAD http://elasticsearch:9200/p2m3_iriel_aureleo [status:200 request:0.025s]
[2025-06-07T09:31:18.273+0000] {base.py:271} INFO - DELETE http://elasticsearch:9200/p2m3_iriel_aureleo [status:200 request:0.614s]
[2025-06-07T09:31:18.278+0000] {logging_mixin.py:115} INFO - Index lama dihapus
[2025-06-07T09:31:18.358+0000] {logging_mixin.py:115} INFO - Jumlah record yang akan dikirim: 1470
[2025-06-07T09:31:20.222+0000] {base.py:271} INFO - POST http://elasticsearch:9200/_bulk [status:200 request:1.613s]
[2025-06-07T09:31:20.441+0000] {base.py:271} INFO - POST http://elasticsearch:9200/_bulk [status:200 request:0.198s]
[2025-06-07T09:31:20.532+0000] {base.py:271} INFO - POST http://elasticsearch:9200/_bulk [status:200 request:0.072s]
[2025-06-07T09:31:20.627+0000] {base.py:271} INFO - POST http://elasticsearch:9200/_bulk [status:200 request:0.079s]
[2025-06-07T09:31:20.736+0000] {base.py:271} INFO - POST http://elasticsearch:9200/_bulk [status:200 request:0.087s]
[2025-06-07T09:31:20.840+0000] {base.py:271} INFO - POST http://elasticsearch:9200/_bulk [status:200 request:0.072s]
[2025-06-07T09:31:20.844+0000] {logging_mixin.py:115} INFO - Data berhasil dikirim ke Elasticsearch
[2025-06-07T09:31:20.848+0000] {python.py:173} INFO - Done. Returned value was: None
[2025-06-07T09:31:20.883+0000] {taskinstance.py:1412} INFO - Marking task as SUCCESS. dag_id=P2M3_iriel_aureleo_DAG, task_id=post_to_elasticsearch, execution_date=20250607T092000, start_date=20250607T093106, end_date=20250607T093120
[2025-06-07T09:31:20.994+0000] {local_task_job.py:156} INFO - Task exited with return code 0
[2025-06-07T09:31:21.164+0000] {local_task_job.py:279} INFO - 1 downstream tasks scheduled from follow-on schedule check
