[2025-06-07T09:30:51.911+0000] {taskinstance.py:1171} INFO - Dependencies all met for <TaskInstance: P2M3_iriel_aureleo_DAG.data_cleaning scheduled__2025-06-07T09:20:00+00:00 [queued]>
[2025-06-07T09:30:51.989+0000] {taskinstance.py:1171} INFO - Dependencies all met for <TaskInstance: P2M3_iriel_aureleo_DAG.data_cleaning scheduled__2025-06-07T09:20:00+00:00 [queued]>
[2025-06-07T09:30:51.990+0000] {taskinstance.py:1368} INFO - 
--------------------------------------------------------------------------------
[2025-06-07T09:30:51.991+0000] {taskinstance.py:1369} INFO - Starting attempt 1 of 1
[2025-06-07T09:30:51.992+0000] {taskinstance.py:1370} INFO - 
--------------------------------------------------------------------------------
[2025-06-07T09:30:52.090+0000] {taskinstance.py:1389} INFO - Executing <Task(_PythonDecoratedOperator): data_cleaning> on 2025-06-07 09:20:00+00:00
[2025-06-07T09:30:52.146+0000] {standard_task_runner.py:52} INFO - Started process 7759 to run task
[2025-06-07T09:30:52.151+0000] {standard_task_runner.py:79} INFO - Running: ['***', 'tasks', 'run', 'P2M3_iriel_aureleo_DAG', 'data_cleaning', 'scheduled__2025-06-07T09:20:00+00:00', '--job-id', '24', '--raw', '--subdir', 'DAGS_FOLDER/P2M3_iriel_aureleo_DAG.py', '--cfg-path', '/tmp/tmphby4vhp3', '--error-file', '/tmp/tmp6qlqofns']
[2025-06-07T09:30:52.160+0000] {standard_task_runner.py:80} INFO - Job 24: Subtask data_cleaning
[2025-06-07T09:30:52.923+0000] {task_command.py:371} INFO - Running <TaskInstance: P2M3_iriel_aureleo_DAG.data_cleaning scheduled__2025-06-07T09:20:00+00:00 [running]> on host 39d263693a13
[2025-06-07T09:30:53.821+0000] {taskinstance.py:1583} INFO - Exporting the following env vars:
AIRFLOW_CTX_DAG_OWNER=Iriel Aureleo
AIRFLOW_CTX_DAG_ID=P2M3_iriel_aureleo_DAG
AIRFLOW_CTX_TASK_ID=data_cleaning
AIRFLOW_CTX_EXECUTION_DATE=2025-06-07T09:20:00+00:00
AIRFLOW_CTX_TRY_NUMBER=1
AIRFLOW_CTX_DAG_RUN_ID=scheduled__2025-06-07T09:20:00+00:00
[2025-06-07T09:30:55.218+0000] {python.py:173} INFO - Done. Returned value was: None
[2025-06-07T09:30:55.472+0000] {taskinstance.py:1412} INFO - Marking task as SUCCESS. dag_id=P2M3_iriel_aureleo_DAG, task_id=data_cleaning, execution_date=20250607T092000, start_date=20250607T093051, end_date=20250607T093055
[2025-06-07T09:30:55.673+0000] {local_task_job.py:156} INFO - Task exited with return code 0
[2025-06-07T09:30:56.072+0000] {local_task_job.py:279} INFO - 1 downstream tasks scheduled from follow-on schedule check
