[2025-06-07T07:06:18.119+0000] {taskinstance.py:1171} INFO - Dependencies all met for <TaskInstance: P2M3_iriel_aureleo_DAG.extract_from_postgresql manual__2025-06-07T07:06:01.753636+00:00 [queued]>
[2025-06-07T07:06:18.198+0000] {taskinstance.py:1171} INFO - Dependencies all met for <TaskInstance: P2M3_iriel_aureleo_DAG.extract_from_postgresql manual__2025-06-07T07:06:01.753636+00:00 [queued]>
[2025-06-07T07:06:18.198+0000] {taskinstance.py:1368} INFO - 
--------------------------------------------------------------------------------
[2025-06-07T07:06:18.210+0000] {taskinstance.py:1369} INFO - Starting attempt 1 of 1
[2025-06-07T07:06:18.214+0000] {taskinstance.py:1370} INFO - 
--------------------------------------------------------------------------------
[2025-06-07T07:06:18.297+0000] {taskinstance.py:1389} INFO - Executing <Task(_PythonDecoratedOperator): extract_from_postgresql> on 2025-06-07 07:06:01.753636+00:00
[2025-06-07T07:06:18.342+0000] {standard_task_runner.py:52} INFO - Started process 6133 to run task
[2025-06-07T07:06:18.358+0000] {standard_task_runner.py:79} INFO - Running: ['***', 'tasks', 'run', 'P2M3_iriel_aureleo_DAG', 'extract_from_postgresql', 'manual__2025-06-07T07:06:01.753636+00:00', '--job-id', '14', '--raw', '--subdir', 'DAGS_FOLDER/P2M3_iriel_aureleo_DAG.py', '--cfg-path', '/tmp/tmphmj2rrf0', '--error-file', '/tmp/tmp8g2mlzez']
[2025-06-07T07:06:18.378+0000] {standard_task_runner.py:80} INFO - Job 14: Subtask extract_from_postgresql
[2025-06-07T07:06:19.642+0000] {task_command.py:371} INFO - Running <TaskInstance: P2M3_iriel_aureleo_DAG.extract_from_postgresql manual__2025-06-07T07:06:01.753636+00:00 [running]> on host 39d263693a13
[2025-06-07T07:06:19.933+0000] {taskinstance.py:1583} INFO - Exporting the following env vars:
AIRFLOW_CTX_DAG_OWNER=Iriel Aureleo
AIRFLOW_CTX_DAG_ID=P2M3_iriel_aureleo_DAG
AIRFLOW_CTX_TASK_ID=extract_from_postgresql
AIRFLOW_CTX_EXECUTION_DATE=2025-06-07T07:06:01.753636+00:00
AIRFLOW_CTX_TRY_NUMBER=1
AIRFLOW_CTX_DAG_RUN_ID=manual__2025-06-07T07:06:01.753636+00:00
[2025-06-07T07:06:20.863+0000] {python.py:173} INFO - Done. Returned value was: None
[2025-06-07T07:06:21.157+0000] {taskinstance.py:1412} INFO - Marking task as SUCCESS. dag_id=P2M3_iriel_aureleo_DAG, task_id=extract_from_postgresql, execution_date=20250607T070601, start_date=20250607T070618, end_date=20250607T070621
[2025-06-07T07:06:21.244+0000] {local_task_job.py:156} INFO - Task exited with return code 0
[2025-06-07T07:06:21.644+0000] {local_task_job.py:279} INFO - 1 downstream tasks scheduled from follow-on schedule check
