[2025-06-07T09:20:37.733+0000] {taskinstance.py:1171} INFO - Dependencies all met for <TaskInstance: P2M3_iriel_aureleo_DAG.post_to_elasticsearch scheduled__2025-06-07T09:10:00+00:00 [queued]>
[2025-06-07T09:20:37.862+0000] {taskinstance.py:1171} INFO - Dependencies all met for <TaskInstance: P2M3_iriel_aureleo_DAG.post_to_elasticsearch scheduled__2025-06-07T09:10:00+00:00 [queued]>
[2025-06-07T09:20:37.867+0000] {taskinstance.py:1368} INFO - 
--------------------------------------------------------------------------------
[2025-06-07T09:20:37.901+0000] {taskinstance.py:1369} INFO - Starting attempt 1 of 1
[2025-06-07T09:20:38.016+0000] {taskinstance.py:1370} INFO - 
--------------------------------------------------------------------------------
[2025-06-07T09:20:38.149+0000] {taskinstance.py:1389} INFO - Executing <Task(_PythonDecoratedOperator): post_to_elasticsearch> on 2025-06-07 09:10:00+00:00
[2025-06-07T09:20:38.263+0000] {standard_task_runner.py:52} INFO - Started process 7651 to run task
[2025-06-07T09:20:38.267+0000] {standard_task_runner.py:79} INFO - Running: ['***', 'tasks', 'run', 'P2M3_iriel_aureleo_DAG', 'post_to_elasticsearch', 'scheduled__2025-06-07T09:10:00+00:00', '--job-id', '22', '--raw', '--subdir', 'DAGS_FOLDER/P2M3_iriel_aureleo_DAG.py', '--cfg-path', '/tmp/tmpzlefjmwc', '--error-file', '/tmp/tmp6rfuaalu']
[2025-06-07T09:20:38.331+0000] {standard_task_runner.py:80} INFO - Job 22: Subtask post_to_elasticsearch
[2025-06-07T09:20:38.748+0000] {task_command.py:371} INFO - Running <TaskInstance: P2M3_iriel_aureleo_DAG.post_to_elasticsearch scheduled__2025-06-07T09:10:00+00:00 [running]> on host 39d263693a13
[2025-06-07T09:20:39.850+0000] {taskinstance.py:1583} INFO - Exporting the following env vars:
AIRFLOW_CTX_DAG_OWNER=Iriel Aureleo
AIRFLOW_CTX_DAG_ID=P2M3_iriel_aureleo_DAG
AIRFLOW_CTX_TASK_ID=post_to_elasticsearch
AIRFLOW_CTX_EXECUTION_DATE=2025-06-07T09:10:00+00:00
AIRFLOW_CTX_TRY_NUMBER=1
AIRFLOW_CTX_DAG_RUN_ID=scheduled__2025-06-07T09:10:00+00:00
[2025-06-07T09:20:49.966+0000] {base.py:271} INFO - HEAD http://elasticsearch:9200/p2m3_iriel_aureleo [status:200 request:0.079s]
[2025-06-07T09:20:50.581+0000] {base.py:271} INFO - DELETE http://elasticsearch:9200/p2m3_iriel_aureleo [status:200 request:0.611s]
[2025-06-07T09:20:50.582+0000] {logging_mixin.py:115} INFO - Index lama dihapus
[2025-06-07T09:20:50.637+0000] {logging_mixin.py:115} INFO - Jumlah record yang akan dikirim: 1470
[2025-06-07T09:20:54.940+0000] {base.py:271} INFO - POST http://elasticsearch:9200/_bulk [status:200 request:4.070s]
[2025-06-07T09:20:55.315+0000] {base.py:271} INFO - POST http://elasticsearch:9200/_bulk [status:200 request:0.291s]
[2025-06-07T09:20:55.576+0000] {base.py:271} INFO - POST http://elasticsearch:9200/_bulk [status:200 request:0.170s]
[2025-06-07T09:20:55.915+0000] {base.py:271} INFO - POST http://elasticsearch:9200/_bulk [status:200 request:0.319s]
[2025-06-07T09:20:56.515+0000] {base.py:271} INFO - POST http://elasticsearch:9200/_bulk [status:200 request:0.562s]
[2025-06-07T09:20:57.545+0000] {base.py:271} INFO - POST http://elasticsearch:9200/_bulk [status:200 request:0.806s]
[2025-06-07T09:20:57.594+0000] {logging_mixin.py:115} INFO - Data berhasil dikirim ke Elasticsearch
[2025-06-07T09:20:57.654+0000] {python.py:173} INFO - Done. Returned value was: None
[2025-06-07T09:20:57.944+0000] {taskinstance.py:1412} INFO - Marking task as SUCCESS. dag_id=P2M3_iriel_aureleo_DAG, task_id=post_to_elasticsearch, execution_date=20250607T091000, start_date=20250607T092037, end_date=20250607T092057
[2025-06-07T09:20:58.402+0000] {local_task_job.py:156} INFO - Task exited with return code 0
[2025-06-07T09:20:58.540+0000] {local_task_job.py:279} INFO - 1 downstream tasks scheduled from follow-on schedule check
