[2025-06-07T07:06:33.089+0000] {taskinstance.py:1171} INFO - Dependencies all met for <TaskInstance: P2M3_iriel_aureleo_DAG.data_cleaning manual__2025-06-07T07:06:01.753636+00:00 [queued]>
[2025-06-07T07:06:33.158+0000] {taskinstance.py:1171} INFO - Dependencies all met for <TaskInstance: P2M3_iriel_aureleo_DAG.data_cleaning manual__2025-06-07T07:06:01.753636+00:00 [queued]>
[2025-06-07T07:06:33.159+0000] {taskinstance.py:1368} INFO - 
--------------------------------------------------------------------------------
[2025-06-07T07:06:33.170+0000] {taskinstance.py:1369} INFO - Starting attempt 1 of 1
[2025-06-07T07:06:33.174+0000] {taskinstance.py:1370} INFO - 
--------------------------------------------------------------------------------
[2025-06-07T07:06:33.251+0000] {taskinstance.py:1389} INFO - Executing <Task(_PythonDecoratedOperator): data_cleaning> on 2025-06-07 07:06:01.753636+00:00
[2025-06-07T07:06:33.360+0000] {standard_task_runner.py:52} INFO - Started process 6142 to run task
[2025-06-07T07:06:33.364+0000] {standard_task_runner.py:79} INFO - Running: ['***', 'tasks', 'run', 'P2M3_iriel_aureleo_DAG', 'data_cleaning', 'manual__2025-06-07T07:06:01.753636+00:00', '--job-id', '15', '--raw', '--subdir', 'DAGS_FOLDER/P2M3_iriel_aureleo_DAG.py', '--cfg-path', '/tmp/tmpuc5ytd8c', '--error-file', '/tmp/tmpfm0cwu0v']
[2025-06-07T07:06:33.366+0000] {standard_task_runner.py:80} INFO - Job 15: Subtask data_cleaning
[2025-06-07T07:06:33.611+0000] {task_command.py:371} INFO - Running <TaskInstance: P2M3_iriel_aureleo_DAG.data_cleaning manual__2025-06-07T07:06:01.753636+00:00 [running]> on host 39d263693a13
[2025-06-07T07:06:33.956+0000] {taskinstance.py:1583} INFO - Exporting the following env vars:
AIRFLOW_CTX_DAG_OWNER=Iriel Aureleo
AIRFLOW_CTX_DAG_ID=P2M3_iriel_aureleo_DAG
AIRFLOW_CTX_TASK_ID=data_cleaning
AIRFLOW_CTX_EXECUTION_DATE=2025-06-07T07:06:01.753636+00:00
AIRFLOW_CTX_TRY_NUMBER=1
AIRFLOW_CTX_DAG_RUN_ID=manual__2025-06-07T07:06:01.753636+00:00
[2025-06-07T07:06:34.270+0000] {python.py:173} INFO - Done. Returned value was: None
[2025-06-07T07:06:34.314+0000] {taskinstance.py:1412} INFO - Marking task as SUCCESS. dag_id=P2M3_iriel_aureleo_DAG, task_id=data_cleaning, execution_date=20250607T070601, start_date=20250607T070633, end_date=20250607T070634
[2025-06-07T07:06:34.398+0000] {local_task_job.py:156} INFO - Task exited with return code 0
[2025-06-07T07:06:34.531+0000] {local_task_job.py:279} INFO - 1 downstream tasks scheduled from follow-on schedule check
