[2025-06-07T09:20:11.165+0000] {taskinstance.py:1171} INFO - Dependencies all met for <TaskInstance: P2M3_iriel_aureleo_DAG.extract_from_postgresql scheduled__2025-06-07T09:10:00+00:00 [queued]>
[2025-06-07T09:20:11.201+0000] {taskinstance.py:1171} INFO - Dependencies all met for <TaskInstance: P2M3_iriel_aureleo_DAG.extract_from_postgresql scheduled__2025-06-07T09:10:00+00:00 [queued]>
[2025-06-07T09:20:11.202+0000] {taskinstance.py:1368} INFO - 
--------------------------------------------------------------------------------
[2025-06-07T09:20:11.204+0000] {taskinstance.py:1369} INFO - Starting attempt 1 of 1
[2025-06-07T09:20:11.206+0000] {taskinstance.py:1370} INFO - 
--------------------------------------------------------------------------------
[2025-06-07T09:20:11.265+0000] {taskinstance.py:1389} INFO - Executing <Task(_PythonDecoratedOperator): extract_from_postgresql> on 2025-06-07 09:10:00+00:00
[2025-06-07T09:20:11.297+0000] {standard_task_runner.py:52} INFO - Started process 7639 to run task
[2025-06-07T09:20:11.353+0000] {standard_task_runner.py:79} INFO - Running: ['***', 'tasks', 'run', 'P2M3_iriel_aureleo_DAG', 'extract_from_postgresql', 'scheduled__2025-06-07T09:10:00+00:00', '--job-id', '20', '--raw', '--subdir', 'DAGS_FOLDER/P2M3_iriel_aureleo_DAG.py', '--cfg-path', '/tmp/tmpsnk8nu0b', '--error-file', '/tmp/tmpfcp3ek5h']
[2025-06-07T09:20:11.380+0000] {standard_task_runner.py:80} INFO - Job 20: Subtask extract_from_postgresql
[2025-06-07T09:20:13.122+0000] {task_command.py:371} INFO - Running <TaskInstance: P2M3_iriel_aureleo_DAG.extract_from_postgresql scheduled__2025-06-07T09:10:00+00:00 [running]> on host 39d263693a13
[2025-06-07T09:20:14.333+0000] {taskinstance.py:1583} INFO - Exporting the following env vars:
AIRFLOW_CTX_DAG_OWNER=Iriel Aureleo
AIRFLOW_CTX_DAG_ID=P2M3_iriel_aureleo_DAG
AIRFLOW_CTX_TASK_ID=extract_from_postgresql
AIRFLOW_CTX_EXECUTION_DATE=2025-06-07T09:10:00+00:00
AIRFLOW_CTX_TRY_NUMBER=1
AIRFLOW_CTX_DAG_RUN_ID=scheduled__2025-06-07T09:10:00+00:00
[2025-06-07T09:20:14.730+0000] {python.py:173} INFO - Done. Returned value was: None
[2025-06-07T09:20:14.813+0000] {taskinstance.py:1412} INFO - Marking task as SUCCESS. dag_id=P2M3_iriel_aureleo_DAG, task_id=extract_from_postgresql, execution_date=20250607T091000, start_date=20250607T092011, end_date=20250607T092014
[2025-06-07T09:20:14.930+0000] {local_task_job.py:156} INFO - Task exited with return code 0
[2025-06-07T09:20:15.229+0000] {local_task_job.py:279} INFO - 1 downstream tasks scheduled from follow-on schedule check
