[2025-06-06T20:13:29.709+0000] {taskinstance.py:1171} INFO - Dependencies all met for <TaskInstance: P2M3_iriel_aureleo_DAG.post_to_elasticsearch manual__2025-06-06T20:11:58.699146+00:00 [queued]>
[2025-06-06T20:13:29.876+0000] {taskinstance.py:1171} INFO - Dependencies all met for <TaskInstance: P2M3_iriel_aureleo_DAG.post_to_elasticsearch manual__2025-06-06T20:11:58.699146+00:00 [queued]>
[2025-06-06T20:13:30.067+0000] {taskinstance.py:1368} INFO - 
--------------------------------------------------------------------------------
[2025-06-06T20:13:30.199+0000] {taskinstance.py:1369} INFO - Starting attempt 1 of 1
[2025-06-06T20:13:30.313+0000] {taskinstance.py:1370} INFO - 
--------------------------------------------------------------------------------
[2025-06-06T20:13:30.640+0000] {taskinstance.py:1389} INFO - Executing <Task(_PythonDecoratedOperator): post_to_elasticsearch> on 2025-06-06 20:11:58.699146+00:00
[2025-06-06T20:13:30.880+0000] {standard_task_runner.py:52} INFO - Started process 2268 to run task
[2025-06-06T20:13:30.887+0000] {standard_task_runner.py:79} INFO - Running: ['***', 'tasks', 'run', 'P2M3_iriel_aureleo_DAG', 'post_to_elasticsearch', 'manual__2025-06-06T20:11:58.699146+00:00', '--job-id', '10', '--raw', '--subdir', 'DAGS_FOLDER/P2M3_iriel_aureleo_DAG.py', '--cfg-path', '/tmp/tmptqfix4p4', '--error-file', '/tmp/tmp2_f_rmee']
[2025-06-06T20:13:30.929+0000] {standard_task_runner.py:80} INFO - Job 10: Subtask post_to_elasticsearch
[2025-06-06T20:13:34.097+0000] {task_command.py:371} INFO - Running <TaskInstance: P2M3_iriel_aureleo_DAG.post_to_elasticsearch manual__2025-06-06T20:11:58.699146+00:00 [running]> on host 39d263693a13
[2025-06-06T20:13:35.337+0000] {taskinstance.py:1583} INFO - Exporting the following env vars:
AIRFLOW_CTX_DAG_OWNER=Iriel Aureleo
AIRFLOW_CTX_DAG_ID=P2M3_iriel_aureleo_DAG
AIRFLOW_CTX_TASK_ID=post_to_elasticsearch
AIRFLOW_CTX_EXECUTION_DATE=2025-06-06T20:11:58.699146+00:00
AIRFLOW_CTX_TRY_NUMBER=1
AIRFLOW_CTX_DAG_RUN_ID=manual__2025-06-06T20:11:58.699146+00:00
[2025-06-06T20:13:45.650+0000] {logging_mixin.py:115} INFO - Jumlah record yang akan dikirim: 1470
[2025-06-06T20:13:52.545+0000] {base.py:271} INFO - POST http://elasticsearch:9200/_bulk [status:200 request:6.653s]
[2025-06-06T20:13:54.799+0000] {base.py:271} INFO - POST http://elasticsearch:9200/_bulk [status:200 request:1.969s]
[2025-06-06T20:13:56.413+0000] {base.py:271} INFO - POST http://elasticsearch:9200/_bulk [status:200 request:1.448s]
[2025-06-06T20:14:00.170+0000] {base.py:271} INFO - POST http://elasticsearch:9200/_bulk [status:200 request:3.362s]
[2025-06-06T20:14:05.429+0000] {base.py:271} INFO - POST http://elasticsearch:9200/_bulk [status:200 request:5.166s]
[2025-06-06T20:14:07.930+0000] {base.py:271} INFO - POST http://elasticsearch:9200/_bulk [status:200 request:1.920s]
[2025-06-06T20:14:08.001+0000] {logging_mixin.py:115} INFO - ✅ Data berhasil dikirim ke Elasticsearch
[2025-06-06T20:14:08.046+0000] {python.py:173} INFO - Done. Returned value was: None
[2025-06-06T20:14:08.737+0000] {taskinstance.py:1412} INFO - Marking task as SUCCESS. dag_id=P2M3_iriel_aureleo_DAG, task_id=post_to_elasticsearch, execution_date=20250606T201158, start_date=20250606T201329, end_date=20250606T201408
[2025-06-06T20:14:09.468+0000] {local_task_job.py:156} INFO - Task exited with return code 0
[2025-06-06T20:14:10.625+0000] {local_task_job.py:279} INFO - 0 downstream tasks scheduled from follow-on schedule check
