[2025-06-06T22:41:58.831+0000] {taskinstance.py:1171} INFO - Dependencies all met for <TaskInstance: P2M3_iriel_aureleo_DAG.extract_from_postgresql manual__2025-06-06T22:40:41.175881+00:00 [queued]>
[2025-06-06T22:41:58.930+0000] {taskinstance.py:1171} INFO - Dependencies all met for <TaskInstance: P2M3_iriel_aureleo_DAG.extract_from_postgresql manual__2025-06-06T22:40:41.175881+00:00 [queued]>
[2025-06-06T22:41:58.932+0000] {taskinstance.py:1368} INFO - 
--------------------------------------------------------------------------------
[2025-06-06T22:41:58.933+0000] {taskinstance.py:1369} INFO - Starting attempt 1 of 1
[2025-06-06T22:41:58.945+0000] {taskinstance.py:1370} INFO - 
--------------------------------------------------------------------------------
[2025-06-06T22:41:59.072+0000] {taskinstance.py:1389} INFO - Executing <Task(_PythonDecoratedOperator): extract_from_postgresql> on 2025-06-06 22:40:41.175881+00:00
[2025-06-06T22:41:59.155+0000] {standard_task_runner.py:52} INFO - Started process 3865 to run task
[2025-06-06T22:42:00.440+0000] {standard_task_runner.py:79} INFO - Running: ['***', 'tasks', 'run', 'P2M3_iriel_aureleo_DAG', 'extract_from_postgresql', 'manual__2025-06-06T22:40:41.175881+00:00', '--job-id', '11', '--raw', '--subdir', 'DAGS_FOLDER/P2M3_iriel_aureleo_DAG.py', '--cfg-path', '/tmp/tmpfj2y1_n8', '--error-file', '/tmp/tmp4bkgj2rm']
[2025-06-06T22:42:00.756+0000] {standard_task_runner.py:80} INFO - Job 11: Subtask extract_from_postgresql
[2025-06-06T22:42:06.510+0000] {task_command.py:371} INFO - Running <TaskInstance: P2M3_iriel_aureleo_DAG.extract_from_postgresql manual__2025-06-06T22:40:41.175881+00:00 [running]> on host 39d263693a13
[2025-06-06T22:42:10.307+0000] {taskinstance.py:1583} INFO - Exporting the following env vars:
AIRFLOW_CTX_DAG_OWNER=Iriel Aureleo
AIRFLOW_CTX_DAG_ID=P2M3_iriel_aureleo_DAG
AIRFLOW_CTX_TASK_ID=extract_from_postgresql
AIRFLOW_CTX_EXECUTION_DATE=2025-06-06T22:40:41.175881+00:00
AIRFLOW_CTX_TRY_NUMBER=1
AIRFLOW_CTX_DAG_RUN_ID=manual__2025-06-06T22:40:41.175881+00:00
[2025-06-06T22:42:12.968+0000] {python.py:173} INFO - Done. Returned value was: None
[2025-06-06T22:42:13.243+0000] {taskinstance.py:1412} INFO - Marking task as SUCCESS. dag_id=P2M3_iriel_aureleo_DAG, task_id=extract_from_postgresql, execution_date=20250606T224041, start_date=20250606T224158, end_date=20250606T224213
[2025-06-06T22:42:13.448+0000] {local_task_job.py:156} INFO - Task exited with return code 0
[2025-06-06T22:42:13.746+0000] {local_task_job.py:279} INFO - 1 downstream tasks scheduled from follow-on schedule check
