[2025-06-06T20:13:00.962+0000] {taskinstance.py:1171} INFO - Dependencies all met for <TaskInstance: P2M3_iriel_aureleo_DAG.data_cleaning manual__2025-06-06T20:11:58.699146+00:00 [queued]>
[2025-06-06T20:13:01.064+0000] {taskinstance.py:1171} INFO - Dependencies all met for <TaskInstance: P2M3_iriel_aureleo_DAG.data_cleaning manual__2025-06-06T20:11:58.699146+00:00 [queued]>
[2025-06-06T20:13:01.076+0000] {taskinstance.py:1368} INFO - 
--------------------------------------------------------------------------------
[2025-06-06T20:13:01.123+0000] {taskinstance.py:1369} INFO - Starting attempt 1 of 1
[2025-06-06T20:13:01.155+0000] {taskinstance.py:1370} INFO - 
--------------------------------------------------------------------------------
[2025-06-06T20:13:01.294+0000] {taskinstance.py:1389} INFO - Executing <Task(_PythonDecoratedOperator): data_cleaning> on 2025-06-06 20:11:58.699146+00:00
[2025-06-06T20:13:01.379+0000] {standard_task_runner.py:52} INFO - Started process 2262 to run task
[2025-06-06T20:13:01.416+0000] {standard_task_runner.py:79} INFO - Running: ['***', 'tasks', 'run', 'P2M3_iriel_aureleo_DAG', 'data_cleaning', 'manual__2025-06-06T20:11:58.699146+00:00', '--job-id', '9', '--raw', '--subdir', 'DAGS_FOLDER/P2M3_iriel_aureleo_DAG.py', '--cfg-path', '/tmp/tmp4shkk33p', '--error-file', '/tmp/tmp84uuwpvg']
[2025-06-06T20:13:01.467+0000] {standard_task_runner.py:80} INFO - Job 9: Subtask data_cleaning
[2025-06-06T20:13:02.359+0000] {task_command.py:371} INFO - Running <TaskInstance: P2M3_iriel_aureleo_DAG.data_cleaning manual__2025-06-06T20:11:58.699146+00:00 [running]> on host 39d263693a13
[2025-06-06T20:13:07.582+0000] {taskinstance.py:1583} INFO - Exporting the following env vars:
AIRFLOW_CTX_DAG_OWNER=Iriel Aureleo
AIRFLOW_CTX_DAG_ID=P2M3_iriel_aureleo_DAG
AIRFLOW_CTX_TASK_ID=data_cleaning
AIRFLOW_CTX_EXECUTION_DATE=2025-06-06T20:11:58.699146+00:00
AIRFLOW_CTX_TRY_NUMBER=1
AIRFLOW_CTX_DAG_RUN_ID=manual__2025-06-06T20:11:58.699146+00:00
[2025-06-06T20:13:11.750+0000] {python.py:173} INFO - Done. Returned value was: None
[2025-06-06T20:13:13.125+0000] {taskinstance.py:1412} INFO - Marking task as SUCCESS. dag_id=P2M3_iriel_aureleo_DAG, task_id=data_cleaning, execution_date=20250606T201158, start_date=20250606T201300, end_date=20250606T201313
[2025-06-06T20:13:14.766+0000] {local_task_job.py:156} INFO - Task exited with return code 0
[2025-06-06T20:13:15.186+0000] {local_task_job.py:279} INFO - 0 downstream tasks scheduled from follow-on schedule check
