[2025-06-07T09:20:23.440+0000] {taskinstance.py:1171} INFO - Dependencies all met for <TaskInstance: P2M3_iriel_aureleo_DAG.data_cleaning scheduled__2025-06-07T09:10:00+00:00 [queued]>
[2025-06-07T09:20:23.507+0000] {taskinstance.py:1171} INFO - Dependencies all met for <TaskInstance: P2M3_iriel_aureleo_DAG.data_cleaning scheduled__2025-06-07T09:10:00+00:00 [queued]>
[2025-06-07T09:20:23.510+0000] {taskinstance.py:1368} INFO - 
--------------------------------------------------------------------------------
[2025-06-07T09:20:23.555+0000] {taskinstance.py:1369} INFO - Starting attempt 1 of 1
[2025-06-07T09:20:23.584+0000] {taskinstance.py:1370} INFO - 
--------------------------------------------------------------------------------
[2025-06-07T09:20:23.699+0000] {taskinstance.py:1389} INFO - Executing <Task(_PythonDecoratedOperator): data_cleaning> on 2025-06-07 09:10:00+00:00
[2025-06-07T09:20:23.755+0000] {standard_task_runner.py:52} INFO - Started process 7642 to run task
[2025-06-07T09:20:23.809+0000] {standard_task_runner.py:79} INFO - Running: ['***', 'tasks', 'run', 'P2M3_iriel_aureleo_DAG', 'data_cleaning', 'scheduled__2025-06-07T09:10:00+00:00', '--job-id', '21', '--raw', '--subdir', 'DAGS_FOLDER/P2M3_iriel_aureleo_DAG.py', '--cfg-path', '/tmp/tmpzt6n86w3', '--error-file', '/tmp/tmp2lz6yfl7']
[2025-06-07T09:20:23.836+0000] {standard_task_runner.py:80} INFO - Job 21: Subtask data_cleaning
[2025-06-07T09:20:24.462+0000] {task_command.py:371} INFO - Running <TaskInstance: P2M3_iriel_aureleo_DAG.data_cleaning scheduled__2025-06-07T09:10:00+00:00 [running]> on host 39d263693a13
[2025-06-07T09:20:25.029+0000] {taskinstance.py:1583} INFO - Exporting the following env vars:
AIRFLOW_CTX_DAG_OWNER=Iriel Aureleo
AIRFLOW_CTX_DAG_ID=P2M3_iriel_aureleo_DAG
AIRFLOW_CTX_TASK_ID=data_cleaning
AIRFLOW_CTX_EXECUTION_DATE=2025-06-07T09:10:00+00:00
AIRFLOW_CTX_TRY_NUMBER=1
AIRFLOW_CTX_DAG_RUN_ID=scheduled__2025-06-07T09:10:00+00:00
[2025-06-07T09:20:25.636+0000] {python.py:173} INFO - Done. Returned value was: None
[2025-06-07T09:20:25.760+0000] {taskinstance.py:1412} INFO - Marking task as SUCCESS. dag_id=P2M3_iriel_aureleo_DAG, task_id=data_cleaning, execution_date=20250607T091000, start_date=20250607T092023, end_date=20250607T092025
[2025-06-07T09:20:25.885+0000] {local_task_job.py:156} INFO - Task exited with return code 0
[2025-06-07T09:20:26.111+0000] {local_task_job.py:279} INFO - 1 downstream tasks scheduled from follow-on schedule check
