[2025-06-08T11:26:46.526+0000] {taskinstance.py:1171} INFO - Dependencies all met for <TaskInstance: P2M3_iriel_aureleo_DAG.data_cleaning manual__2025-06-08T11:26:19.178231+00:00 [queued]>
[2025-06-08T11:26:46.561+0000] {taskinstance.py:1171} INFO - Dependencies all met for <TaskInstance: P2M3_iriel_aureleo_DAG.data_cleaning manual__2025-06-08T11:26:19.178231+00:00 [queued]>
[2025-06-08T11:26:46.562+0000] {taskinstance.py:1368} INFO - 
--------------------------------------------------------------------------------
[2025-06-08T11:26:46.568+0000] {taskinstance.py:1369} INFO - Starting attempt 1 of 1
[2025-06-08T11:26:46.572+0000] {taskinstance.py:1370} INFO - 
--------------------------------------------------------------------------------
[2025-06-08T11:26:46.627+0000] {taskinstance.py:1389} INFO - Executing <Task(_PythonDecoratedOperator): data_cleaning> on 2025-06-08 11:26:19.178231+00:00
[2025-06-08T11:26:46.666+0000] {standard_task_runner.py:52} INFO - Started process 1098 to run task
[2025-06-08T11:26:46.669+0000] {standard_task_runner.py:79} INFO - Running: ['***', 'tasks', 'run', 'P2M3_iriel_aureleo_DAG', 'data_cleaning', 'manual__2025-06-08T11:26:19.178231+00:00', '--job-id', '28', '--raw', '--subdir', 'DAGS_FOLDER/P2M3_iriel_aureleo_DAG.py', '--cfg-path', '/tmp/tmpch5l67ed', '--error-file', '/tmp/tmpyhgyyazc']
[2025-06-08T11:26:46.677+0000] {standard_task_runner.py:80} INFO - Job 28: Subtask data_cleaning
[2025-06-08T11:26:46.931+0000] {task_command.py:371} INFO - Running <TaskInstance: P2M3_iriel_aureleo_DAG.data_cleaning manual__2025-06-08T11:26:19.178231+00:00 [running]> on host 39d263693a13
[2025-06-08T11:26:47.327+0000] {taskinstance.py:1583} INFO - Exporting the following env vars:
AIRFLOW_CTX_DAG_OWNER=Iriel Aureleo
AIRFLOW_CTX_DAG_ID=P2M3_iriel_aureleo_DAG
AIRFLOW_CTX_TASK_ID=data_cleaning
AIRFLOW_CTX_EXECUTION_DATE=2025-06-08T11:26:19.178231+00:00
AIRFLOW_CTX_TRY_NUMBER=1
AIRFLOW_CTX_DAG_RUN_ID=manual__2025-06-08T11:26:19.178231+00:00
[2025-06-08T11:26:47.951+0000] {python.py:173} INFO - Done. Returned value was: None
[2025-06-08T11:26:48.084+0000] {taskinstance.py:1412} INFO - Marking task as SUCCESS. dag_id=P2M3_iriel_aureleo_DAG, task_id=data_cleaning, execution_date=20250608T112619, start_date=20250608T112646, end_date=20250608T112648
[2025-06-08T11:26:48.197+0000] {local_task_job.py:156} INFO - Task exited with return code 0
[2025-06-08T11:26:48.342+0000] {local_task_job.py:279} INFO - 1 downstream tasks scheduled from follow-on schedule check
