[2025-06-06T22:42:24.359+0000] {taskinstance.py:1171} INFO - Dependencies all met for <TaskInstance: P2M3_iriel_aureleo_DAG.data_cleaning manual__2025-06-06T22:40:41.175881+00:00 [queued]>
[2025-06-06T22:42:24.415+0000] {taskinstance.py:1171} INFO - Dependencies all met for <TaskInstance: P2M3_iriel_aureleo_DAG.data_cleaning manual__2025-06-06T22:40:41.175881+00:00 [queued]>
[2025-06-06T22:42:24.421+0000] {taskinstance.py:1368} INFO - 
--------------------------------------------------------------------------------
[2025-06-06T22:42:24.429+0000] {taskinstance.py:1369} INFO - Starting attempt 1 of 1
[2025-06-06T22:42:24.435+0000] {taskinstance.py:1370} INFO - 
--------------------------------------------------------------------------------
[2025-06-06T22:42:24.529+0000] {taskinstance.py:1389} INFO - Executing <Task(_PythonDecoratedOperator): data_cleaning> on 2025-06-06 22:40:41.175881+00:00
[2025-06-06T22:42:24.585+0000] {standard_task_runner.py:52} INFO - Started process 3870 to run task
[2025-06-06T22:42:24.615+0000] {standard_task_runner.py:79} INFO - Running: ['***', 'tasks', 'run', 'P2M3_iriel_aureleo_DAG', 'data_cleaning', 'manual__2025-06-06T22:40:41.175881+00:00', '--job-id', '12', '--raw', '--subdir', 'DAGS_FOLDER/P2M3_iriel_aureleo_DAG.py', '--cfg-path', '/tmp/tmprqsyvfcu', '--error-file', '/tmp/tmp5qayxieo']
[2025-06-06T22:42:24.620+0000] {standard_task_runner.py:80} INFO - Job 12: Subtask data_cleaning
[2025-06-06T22:42:25.401+0000] {task_command.py:371} INFO - Running <TaskInstance: P2M3_iriel_aureleo_DAG.data_cleaning manual__2025-06-06T22:40:41.175881+00:00 [running]> on host 39d263693a13
[2025-06-06T22:42:25.887+0000] {taskinstance.py:1583} INFO - Exporting the following env vars:
AIRFLOW_CTX_DAG_OWNER=Iriel Aureleo
AIRFLOW_CTX_DAG_ID=P2M3_iriel_aureleo_DAG
AIRFLOW_CTX_TASK_ID=data_cleaning
AIRFLOW_CTX_EXECUTION_DATE=2025-06-06T22:40:41.175881+00:00
AIRFLOW_CTX_TRY_NUMBER=1
AIRFLOW_CTX_DAG_RUN_ID=manual__2025-06-06T22:40:41.175881+00:00
[2025-06-06T22:42:26.951+0000] {python.py:173} INFO - Done. Returned value was: None
[2025-06-06T22:42:27.019+0000] {taskinstance.py:1412} INFO - Marking task as SUCCESS. dag_id=P2M3_iriel_aureleo_DAG, task_id=data_cleaning, execution_date=20250606T224041, start_date=20250606T224224, end_date=20250606T224227
[2025-06-06T22:42:27.132+0000] {local_task_job.py:156} INFO - Task exited with return code 0
[2025-06-06T22:42:27.353+0000] {local_task_job.py:279} INFO - 1 downstream tasks scheduled from follow-on schedule check
