[2025-06-06T22:42:38.184+0000] {taskinstance.py:1171} INFO - Dependencies all met for <TaskInstance: P2M3_iriel_aureleo_DAG.post_to_elasticsearch manual__2025-06-06T22:40:41.175881+00:00 [queued]>
[2025-06-06T22:42:38.269+0000] {taskinstance.py:1171} INFO - Dependencies all met for <TaskInstance: P2M3_iriel_aureleo_DAG.post_to_elasticsearch manual__2025-06-06T22:40:41.175881+00:00 [queued]>
[2025-06-06T22:42:38.273+0000] {taskinstance.py:1368} INFO - 
--------------------------------------------------------------------------------
[2025-06-06T22:42:38.282+0000] {taskinstance.py:1369} INFO - Starting attempt 1 of 1
[2025-06-06T22:42:38.284+0000] {taskinstance.py:1370} INFO - 
--------------------------------------------------------------------------------
[2025-06-06T22:42:38.370+0000] {taskinstance.py:1389} INFO - Executing <Task(_PythonDecoratedOperator): post_to_elasticsearch> on 2025-06-06 22:40:41.175881+00:00
[2025-06-06T22:42:38.460+0000] {standard_task_runner.py:52} INFO - Started process 3873 to run task
[2025-06-06T22:42:38.479+0000] {standard_task_runner.py:79} INFO - Running: ['***', 'tasks', 'run', 'P2M3_iriel_aureleo_DAG', 'post_to_elasticsearch', 'manual__2025-06-06T22:40:41.175881+00:00', '--job-id', '13', '--raw', '--subdir', 'DAGS_FOLDER/P2M3_iriel_aureleo_DAG.py', '--cfg-path', '/tmp/tmpx453h8n3', '--error-file', '/tmp/tmp7m4cjwso']
[2025-06-06T22:42:38.493+0000] {standard_task_runner.py:80} INFO - Job 13: Subtask post_to_elasticsearch
[2025-06-06T22:42:38.840+0000] {task_command.py:371} INFO - Running <TaskInstance: P2M3_iriel_aureleo_DAG.post_to_elasticsearch manual__2025-06-06T22:40:41.175881+00:00 [running]> on host 39d263693a13
[2025-06-06T22:42:39.345+0000] {taskinstance.py:1583} INFO - Exporting the following env vars:
AIRFLOW_CTX_DAG_OWNER=Iriel Aureleo
AIRFLOW_CTX_DAG_ID=P2M3_iriel_aureleo_DAG
AIRFLOW_CTX_TASK_ID=post_to_elasticsearch
AIRFLOW_CTX_EXECUTION_DATE=2025-06-06T22:40:41.175881+00:00
AIRFLOW_CTX_TRY_NUMBER=1
AIRFLOW_CTX_DAG_RUN_ID=manual__2025-06-06T22:40:41.175881+00:00
[2025-06-06T22:42:49.495+0000] {base.py:271} INFO - HEAD http://elasticsearch:9200/p2m3_iriel_aureleo [status:200 request:0.382s]
[2025-06-06T22:42:53.701+0000] {base.py:271} INFO - DELETE http://elasticsearch:9200/p2m3_iriel_aureleo [status:200 request:4.203s]
[2025-06-06T22:42:53.703+0000] {logging_mixin.py:115} INFO - Index lama dihapus
[2025-06-06T22:42:53.798+0000] {logging_mixin.py:115} INFO - Jumlah record yang akan dikirim: 1470
[2025-06-06T22:43:03.141+0000] {base.py:271} INFO - POST http://elasticsearch:9200/_bulk [status:200 request:9.144s]
[2025-06-06T22:43:03.760+0000] {base.py:271} INFO - POST http://elasticsearch:9200/_bulk [status:200 request:0.559s]
[2025-06-06T22:43:04.076+0000] {base.py:271} INFO - POST http://elasticsearch:9200/_bulk [status:200 request:0.254s]
[2025-06-06T22:43:04.581+0000] {base.py:271} INFO - POST http://elasticsearch:9200/_bulk [status:200 request:0.422s]
[2025-06-06T22:43:05.472+0000] {base.py:271} INFO - POST http://elasticsearch:9200/_bulk [status:200 request:0.740s]
[2025-06-06T22:43:06.014+0000] {base.py:271} INFO - POST http://elasticsearch:9200/_bulk [status:200 request:0.479s]
[2025-06-06T22:43:06.047+0000] {logging_mixin.py:115} INFO - Data berhasil dikirim ke Elasticsearch
[2025-06-06T22:43:06.102+0000] {python.py:173} INFO - Done. Returned value was: None
[2025-06-06T22:43:06.303+0000] {taskinstance.py:1412} INFO - Marking task as SUCCESS. dag_id=P2M3_iriel_aureleo_DAG, task_id=post_to_elasticsearch, execution_date=20250606T224041, start_date=20250606T224238, end_date=20250606T224306
[2025-06-06T22:43:06.761+0000] {local_task_job.py:156} INFO - Task exited with return code 0
[2025-06-06T22:43:07.326+0000] {local_task_job.py:279} INFO - 1 downstream tasks scheduled from follow-on schedule check
